<?xml version="1.0" encoding="UTF-8"?>
<!-- Generated by org.testng.reporters.JUnitReportReporter -->
<testsuite hostname="YAVUZKACAN" failures="0" tests="1" name="appiumTest.Calculator" time="30.365" errors="0" timestamp="2020-05-18T21:50:25 EET" skipped="0">
  <testcase classname="appiumTest.Calculator" name="testCal" time="30.365"/>
  <system-out/>
</testsuite> <!-- appiumTest.Calculator -->
